#
# A fatal error has been detected by the Java Runtime Environment:
#
#  SIGILL (0x4) at pc=0x0000000124f66010, pid=1180, tid=4867
#
# JRE version: Java(TM) SE Runtime Environment (8.0_60-b27) (build 1.8.0_60-b27)
# Java VM: Java HotSpot(TM) 64-Bit Server VM (25.60-b23 mixed mode bsd-amd64 compressed oops)
# Problematic frame:
# C  [libopencv_core.2.4.dylib+0x135010]  _GLOBAL__sub_I_persistence.cpp+0x2a
#
# Failed to write core dump. Core dumps have been disabled. To enable core dumping, try "ulimit -c unlimited" before starting Java again
#
# If you would like to submit a bug report, please visit:
#   http://bugreport.java.com/bugreport/crash.jsp
# The crash happened outside the Java Virtual Machine in native code.
# See problematic frame for where to report the bug.
#

---------------  T H R E A D  ---------------

Current thread (0x00007fda3300b000):  JavaThread "main" [_thread_in_native, id=4867, stack(0x000000010ee01000,0x000000010ef01000)]

siginfo: si_signo: 4 (SIGILL), si_code: 1 (ILL_ILLOPC), si_addr: 0x0000000124f66010

Registers:
RAX=0x0000000124fb7794, RBX=0x0000000124f65fe6, RCX=0x00007fff522d8b28, RDX=0x00007fff522d8aa0
RSP=0x000000010eefd0e0, RBP=0x000000010eefd150, RSI=0x00007fff522d8a60, RDI=0x0000000000000007
R8 =0x00007fff64079660, R9 =0x000000010ef01000, R10=0x00000000000057b8, R11=0x00007fff8d25f5b9
R12=0x0000000124fd3278, R13=0x00007fff64079598, R14=0x00007fda32d55d10, R15=0x0000000000000001
RIP=0x0000000124f66010, EFLAGS=0x0000000000010202, ERR=0x0000000000000000
  TRAPNO=0x0000000000000006

Top of Stack: (sp=0x000000010eefd0e0)
0x000000010eefd0e0:   0000004800000000 00007fff64052427
0x000000010eefd0f0:   000000010eefd110 0000000124fb7794
0x000000010eefd100:   0000000000000000 0000000124f65fe6
0x000000010eefd110:   000000010eefd150 00007fff6404eff5
0x000000010eefd120:   00007fff64078e50 0000000124f65fe6
0x000000010eefd130:   0000000124fd3278 00007fff64079598
0x000000010eefd140:   00007fda32d55d10 0000000000000001
0x000000010eefd150:   000000010eefd1c0 00007fff64053d0b
0x000000010eefd160:   000000120eefd1e0 0000000000000001
0x000000010eefd170:   0000000124e312e8 0000000124e315b0
0x000000010eefd180:   0000000124e31420 00007fff64079660
0x000000010eefd190:   0000000000000003 00007fda32d55d10
0x000000010eefd1a0:   000000010eefd550 0000000000001303
0x000000010eefd1b0:   00007fff64079598 00007fff64080b20
0x000000010eefd1c0:   000000010eefd1e0 00007fff64053e98
0x000000010eefd1d0:   00007fda32d55d10 0000032a3a51f1dd
0x000000010eefd1e0:   000000010eefd240 00007fff64050891
0x000000010eefd1f0:   000000010eefda70 0000002d64049ae1
0x000000010eefd200:   000000010eefe4c0 00007fff64079598
0x000000010eefd210:   0000000100001303 00007fda32d55a60
0x000000010eefd220:   000000010eefd550 0000000000001303
0x000000010eefd230:   0000000000000000 00007fda32d55d10
0x000000010eefd240:   000000010eefd2a0 00007fff64050826
0x000000010eefd250:   0000000000000000 f10004285791aec8
0x000000010eefd260:   000000010eefe4c0 00007fff64079598
0x000000010eefd270:   0000000100001303 00007fda32d55950
0x000000010eefd280:   000000010eefd550 0000000000001303
0x000000010eefd290:   0000000000000000 00007fda32d55a60
0x000000010eefd2a0:   000000010eefd300 00007fff64050826
0x000000010eefd2b0:   000000010eefe0c0 f100072832c4c590
0x000000010eefd2c0:   000000010eefe4c0 00007fff64079598
0x000000010eefd2d0:   0000000100001303 00007fda32d55880 

Instructions: (pc=0x0000000124f66010)
0x0000000124f65ff0:   41 54 53 48 83 ec 48 c7 45 90 00 00 00 00 c7 45
0x0000000124f66000:   94 48 00 00 00 48 8d 05 88 17 05 00 48 89 45 a8
0x0000000124f66010:   c5 f8 57 c0 c5 f8 11 45 98 48 8d 05 2b 2b ff ff
0x0000000124f66020:   48 89 45 b0 48 8d 1d 41 2b ff ff 48 89 5d b8 4c 

Register to memory mapping:

RAX=0x0000000124fb7794: _ZN2cv12g_Saturate8uE+0x6fa4 in /usr/local/Cellar/opencv/2.4.12_2/lib/libopencv_core.2.4.dylib at 0x0000000124e31000
RBX=0x0000000124f65fe6: _GLOBAL__sub_I_persistence.cpp+0 in /usr/local/Cellar/opencv/2.4.12_2/lib/libopencv_core.2.4.dylib at 0x0000000124e31000
RCX=0x00007fff522d8b28 is an unknown value
RDX=0x00007fff522d8aa0 is an unknown value
RSP=0x000000010eefd0e0 is pointing into the stack for thread: 0x00007fda3300b000
RBP=0x000000010eefd150 is pointing into the stack for thread: 0x00007fda3300b000
RSI=0x00007fff522d8a60 is an unknown value
RDI=0x0000000000000007 is an unknown value
R8 =0x00007fff64079660 is an unknown value
R9 =0x000000010ef01000 is pointing into the stack for thread: 0x00007fda3300b000
R10=0x00000000000057b8 is an unknown value
R11=0x00007fff8d25f5b9: __cxa_atexit+0 in /usr/lib/system/libsystem_c.dylib at 0x00007fff8d201000
R12=0x0000000124fd3278: _ZN2cv12g_Saturate8uE+0x22a88 in /usr/local/Cellar/opencv/2.4.12_2/lib/libopencv_core.2.4.dylib at 0x0000000124e31000
R13=0x00007fff64079598 is an unknown value
R14=0x00007fda32d55d10 is an unknown value
R15=0x0000000000000001 is an unknown value


Stack: [0x000000010ee01000,0x000000010ef01000],  sp=0x000000010eefd0e0,  free space=1008k
Native frames: (J=compiled Java code, j=interpreted, Vv=VM code, C=native code)
C  [libopencv_core.2.4.dylib+0x135010]  _GLOBAL__sub_I_persistence.cpp+0x2a
C  0x00007fff64053d0b
C  0x00007fff64053e98
C  0x00007fff64050891
C  0x00007fff64050826
C  0x00007fff64050826
C  0x00007fff64050826
C  0x00007fff64050826
C  0x00007fff64050826
C  0x00007fff64050826
C  0x00007fff64050826
C  0x00007fff64050826
C  0x00007fff64050718
C  0x00007fff64050989
C  0x00007fff640460ca
C  0x00007fff6404d1f1
C  [libdyld.dylib+0x2857]  dlopen+0x3b
V  [libjvm.dylib+0x482656]  os::dll_load(char const*, char*, int)+0x16
V  [libjvm.dylib+0x345db8]  JVM_LoadLibrary+0x7a
C  [libjava.dylib+0x28e0]  Java_java_lang_ClassLoader_00024NativeLibrary_load+0x77
j  java.lang.ClassLoader$NativeLibrary.load(Ljava/lang/String;Z)V+0
j  java.lang.ClassLoader.loadLibrary0(Ljava/lang/Class;Ljava/io/File;)Z+328
j  java.lang.ClassLoader.loadLibrary(Ljava/lang/Class;Ljava/lang/String;Z)V+290
j  java.lang.Runtime.loadLibrary0(Ljava/lang/Class;Ljava/lang/String;)V+54
j  java.lang.System.loadLibrary(Ljava/lang/String;)V+7
j  ImageProcessing.SimpleSample.<clinit>()V+3
v  ~StubRoutines::call_stub
V  [libjvm.dylib+0x2eab0e]  JavaCalls::call_helper(JavaValue*, methodHandle*, JavaCallArguments*, Thread*)+0x6ae
V  [libjvm.dylib+0x2bdc69]  InstanceKlass::call_class_initializer_impl(instanceKlassHandle, Thread*)+0xbf
V  [libjvm.dylib+0x2bf171]  InstanceKlass::initialize_impl(instanceKlassHandle, Thread*)+0x4b5
V  [libjvm.dylib+0x2bf407]  InstanceKlass::initialize(Thread*)+0x3d
V  [libjvm.dylib+0x321d33]  get_method_id(JNIEnv_*, _jclass*, char const*, char const*, bool, Thread*)+0xcf
V  [libjvm.dylib+0x317dd3]  jni_GetStaticMethodID+0x81
C  [java+0x38d4]  JavaMain+0x947
C  [libsystem_pthread.dylib+0x405a]  _pthread_body+0x83
C  [libsystem_pthread.dylib+0x3fd7]  _pthread_body+0x0
C  [libsystem_pthread.dylib+0x13ed]  thread_start+0xd
C  0x0000000000000000

Java frames: (J=compiled Java code, j=interpreted, Vv=VM code)
j  java.lang.ClassLoader$NativeLibrary.load(Ljava/lang/String;Z)V+0
j  java.lang.ClassLoader.loadLibrary0(Ljava/lang/Class;Ljava/io/File;)Z+328
j  java.lang.ClassLoader.loadLibrary(Ljava/lang/Class;Ljava/lang/String;Z)V+290
j  java.lang.Runtime.loadLibrary0(Ljava/lang/Class;Ljava/lang/String;)V+54
j  java.lang.System.loadLibrary(Ljava/lang/String;)V+7
j  ImageProcessing.SimpleSample.<clinit>()V+3
v  ~StubRoutines::call_stub

---------------  P R O C E S S  ---------------

Java Threads: ( => current thread )
  0x00007fda33060800 JavaThread "Service Thread" daemon [_thread_blocked, id=18435, stack(0x000000012416f000,0x000000012426f000)]
  0x00007fda33047800 JavaThread "C1 CompilerThread1" daemon [_thread_blocked, id=17923, stack(0x000000012406c000,0x000000012416c000)]
  0x00007fda33857000 JavaThread "C2 CompilerThread0" daemon [_thread_blocked, id=17411, stack(0x0000000123f69000,0x0000000124069000)]
  0x00007fda33856000 JavaThread "JDWP Command Reader" daemon [_thread_in_native, id=16899, stack(0x0000000123e66000,0x0000000123f66000)]
  0x00007fda33855800 JavaThread "JDWP Event Helper Thread" daemon [_thread_blocked, id=16387, stack(0x0000000123d63000,0x0000000123e63000)]
  0x00007fda33046800 JavaThread "JDWP Transport Listener: dt_socket" daemon [_thread_blocked, id=15875, stack(0x0000000123c60000,0x0000000123d60000)]
  0x00007fda33852800 JavaThread "Signal Dispatcher" daemon [_thread_blocked, id=15363, stack(0x0000000123b5d000,0x0000000123c5d000)]
  0x00007fda3380a000 JavaThread "Finalizer" daemon [_thread_blocked, id=10499, stack(0x0000000122135000,0x0000000122235000)]
  0x00007fda33032000 JavaThread "Reference Handler" daemon [_thread_blocked, id=9987, stack(0x0000000122032000,0x0000000122132000)]
=>0x00007fda3300b000 JavaThread "main" [_thread_in_native, id=4867, stack(0x000000010ee01000,0x000000010ef01000)]

Other Threads:
  0x00007fda3302f800 VMThread [stack: 0x0000000121f2f000,0x000000012202f000] [id=9475]
  0x00007fda33854800 WatcherThread [stack: 0x0000000124272000,0x0000000124372000] [id=18947]

VM state:not at safepoint (normal execution)

VM Mutex/Monitor currently owned by a thread: None

Heap:
 PSYoungGen      total 18944K, used 2041K [0x00000007aab00000, 0x00000007ac000000, 0x00000007c0000000)
  eden space 16384K, 12% used [0x00000007aab00000,0x00000007aacfe708,0x00000007abb00000)
  from space 2560K, 0% used [0x00000007abd80000,0x00000007abd80000,0x00000007ac000000)
  to   space 2560K, 0% used [0x00000007abb00000,0x00000007abb00000,0x00000007abd80000)
 ParOldGen       total 44032K, used 0K [0x0000000780000000, 0x0000000782b00000, 0x00000007aab00000)
  object space 44032K, 0% used [0x0000000780000000,0x0000000780000000,0x0000000782b00000)
 Metaspace       used 3189K, capacity 4688K, committed 4864K, reserved 1056768K
  class space    used 324K, capacity 392K, committed 512K, reserved 1048576K

Card table byte_map: [0x000000011e343000,0x000000011e544000] byte_map_base: 0x000000011a743000

Marking Bits: (ParMarkBitMap*) 0x000000010e304e20
 Begin Bits: [0x000000011e8a0000, 0x000000011f8a0000)
 End Bits:   [0x000000011f8a0000, 0x00000001208a0000)

Polling page: 0x000000010e9d4000

CodeCache: size=245760Kb used=1154Kb max_used=1165Kb free=244605Kb
 bounds [0x000000010ef83000, 0x000000010f1f3000, 0x000000011df83000]
 total_blobs=351 nmethods=31 adapters=245
 compilation: enabled

Compilation events (10 events):
Event: 0.624 Thread 0x00007fda33047800   26       3       java.lang.String::startsWith (7 bytes)
Event: 0.624 Thread 0x00007fda33047800 nmethod 26 0x000000010f094fd0 code [0x000000010f095140, 0x000000010f095368]
Event: 0.624 Thread 0x00007fda33047800   27       3       java.lang.StringBuilder::append (8 bytes)
Event: 0.624 Thread 0x00007fda33047800 nmethod 27 0x000000010f095410 code [0x000000010f095580, 0x000000010f095728]
Event: 0.624 Thread 0x00007fda33047800   28       3       java.util.Arrays::copyOf (19 bytes)
Event: 0.624 Thread 0x00007fda33047800 nmethod 28 0x000000010f0957d0 code [0x000000010f095960, 0x000000010f095c88]
Event: 0.629 Thread 0x00007fda33047800   29       3       java.util.concurrent.ConcurrentHashMap::tabAt (21 bytes)
Event: 0.629 Thread 0x00007fda33047800 nmethod 29 0x000000010f095dd0 code [0x000000010f095f40, 0x000000010f096170]
Event: 0.632 Thread 0x00007fda33857000   31       4       java.lang.String::charAt (29 bytes)
Event: 0.634 Thread 0x00007fda33857000 nmethod 31 0x000000010f0a6210 code [0x000000010f0a6360, 0x000000010f0a6478]

GC Heap History (0 events):
No events

Deoptimization events (0 events):
No events

Internal exceptions (2 events):
Event: 0.076 Thread 0x00007fda3300b000 Exception <a 'java/lang/NoSuchMethodError': Method sun.misc.Unsafe.defineClass(Ljava/lang/String;[BII)Ljava/lang/Class; name or signature does not match> (0x00000007aab12c58) thrown at [/Users/java_re/workspace/8-2-build-macosx-x86_64/jdk8u60/4407/hotspot
Event: 0.076 Thread 0x00007fda3300b000 Exception <a 'java/lang/NoSuchMethodError': Method sun.misc.Unsafe.prefetchRead(Ljava/lang/Object;J)V name or signature does not match> (0x00000007aab12f40) thrown at [/Users/java_re/workspace/8-2-build-macosx-x86_64/jdk8u60/4407/hotspot/src/share/vm/prim

Events (10 events):
Event: 0.617 loading class org/opencv/core/Core
Event: 0.617 loading class org/opencv/core/Core done
Event: 0.622 loading class org/opencv/core/MatOfPoint
Event: 0.622 loading class org/opencv/core/MatOfPoint done
Event: 0.623 loading class org/opencv/core/MatOfDouble
Event: 0.623 loading class org/opencv/core/MatOfDouble done
Event: 0.628 loading class org/opencv/core/MatOfInt
Event: 0.628 loading class org/opencv/core/MatOfInt done
Event: 0.632 loading class java/lang/ClassLoaderHelper
Event: 0.632 loading class java/lang/ClassLoaderHelper done


Dynamic libraries:
0x000000000ae78000 	/System/Library/Frameworks/Cocoa.framework/Versions/A/Cocoa
0x000000000ae78000 	/System/Library/Frameworks/Security.framework/Versions/A/Security
0x000000000ae78000 	/System/Library/Frameworks/ApplicationServices.framework/Versions/A/ApplicationServices
0x000000000ae78000 	/usr/lib/libz.1.dylib
0x000000000ae78000 	/usr/lib/libSystem.B.dylib
0x000000000ae78000 	/usr/lib/libobjc.A.dylib
0x000000000ae78000 	/System/Library/Frameworks/CoreFoundation.framework/Versions/A/CoreFoundation
0x000000000ae78000 	/System/Library/Frameworks/Foundation.framework/Versions/C/Foundation
0x000000000ae78000 	/System/Library/Frameworks/AppKit.framework/Versions/C/AppKit
0x000000000ae78000 	/System/Library/Frameworks/CoreData.framework/Versions/A/CoreData
0x000000000ae78000 	/System/Library/PrivateFrameworks/RemoteViewServices.framework/Versions/A/RemoteViewServices
0x000000000ae78000 	/System/Library/PrivateFrameworks/UIFoundation.framework/Versions/A/UIFoundation
0x000000000ae78000 	/System/Library/Frameworks/IOSurface.framework/Versions/A/IOSurface
0x000000000ae78000 	/System/Library/Frameworks/AudioToolbox.framework/Versions/A/AudioToolbox
0x000000000ae78000 	/System/Library/Frameworks/AudioUnit.framework/Versions/A/AudioUnit
0x000000000ae78000 	/System/Library/PrivateFrameworks/DataDetectorsCore.framework/Versions/A/DataDetectorsCore
0x000000000ae78000 	/System/Library/PrivateFrameworks/DesktopServicesPriv.framework/Versions/A/DesktopServicesPriv
0x000000000ae78000 	/System/Library/Frameworks/Carbon.framework/Versions/A/Frameworks/HIToolbox.framework/Versions/A/HIToolbox
0x000000000ae78000 	/System/Library/Frameworks/QuartzCore.framework/Versions/A/QuartzCore
0x000000000ae78000 	/System/Library/Frameworks/Carbon.framework/Versions/A/Frameworks/SpeechRecognition.framework/Versions/A/SpeechRecognition
0x000000000ae78000 	/usr/lib/libauto.dylib
0x000000000ae78000 	/usr/lib/libicucore.A.dylib
0x000000000ae78000 	/usr/lib/libxml2.2.dylib
0x000000000ae78000 	/System/Library/PrivateFrameworks/CoreUI.framework/Versions/A/CoreUI
0x000000000ae78000 	/System/Library/Frameworks/CoreAudio.framework/Versions/A/CoreAudio
0x000000000ae78000 	/System/Library/Frameworks/DiskArbitration.framework/Versions/A/DiskArbitration
0x000000000ae78000 	/usr/lib/liblangid.dylib
0x000000000ae78000 	/System/Library/PrivateFrameworks/MultitouchSupport.framework/Versions/A/MultitouchSupport
0x000000000ae78000 	/System/Library/Frameworks/IOKit.framework/Versions/A/IOKit
0x000000000ae78000 	/usr/lib/libDiagnosticMessagesClient.dylib
0x000000000ae78000 	/System/Library/Frameworks/CoreServices.framework/Versions/A/CoreServices
0x000000000ae78000 	/System/Library/PrivateFrameworks/PerformanceAnalysis.framework/Versions/A/PerformanceAnalysis
0x000000000ae78000 	/System/Library/PrivateFrameworks/GenerationalStorage.framework/Versions/A/GenerationalStorage
0x000000000ae78000 	/System/Library/Frameworks/OpenGL.framework/Versions/A/OpenGL
0x000000000ae78000 	/System/Library/PrivateFrameworks/Sharing.framework/Versions/A/Sharing
0x000000000ae78000 	/System/Library/Frameworks/CoreGraphics.framework/Versions/A/CoreGraphics
0x000000000ae78000 	/System/Library/Frameworks/CoreText.framework/Versions/A/CoreText
0x000000000ae78000 	/System/Library/Frameworks/ImageIO.framework/Versions/A/ImageIO
0x000000000ae78000 	/usr/lib/libextension.dylib
0x000000000ae78000 	/System/Library/PrivateFrameworks/Backup.framework/Versions/A/Backup
0x000000000ae78000 	/usr/lib/libarchive.2.dylib
0x000000000ae78000 	/System/Library/Frameworks/CFNetwork.framework/Versions/A/CFNetwork
0x000000000ae78000 	/System/Library/Frameworks/SystemConfiguration.framework/Versions/A/SystemConfiguration
0x000000000ae78000 	/usr/lib/libCRFSuite.dylib
0x000000000ae78000 	/usr/lib/libc++.1.dylib
0x000000000ae78000 	/usr/lib/libc++abi.dylib
0x000000000ae78000 	/usr/lib/system/libcache.dylib
0x000000000ae78000 	/usr/lib/system/libcommonCrypto.dylib
0x000000000ae78000 	/usr/lib/system/libcompiler_rt.dylib
0x000000000ae78000 	/usr/lib/system/libcopyfile.dylib
0x000000000ae78000 	/usr/lib/system/libcorecrypto.dylib
0x000000000ae78000 	/usr/lib/system/libdispatch.dylib
0x000000000ae78000 	/usr/lib/system/libdyld.dylib
0x000000000ae78000 	/usr/lib/system/libkeymgr.dylib
0x000000000ae78000 	/usr/lib/system/liblaunch.dylib
0x000000000ae78000 	/usr/lib/system/libmacho.dylib
0x000000000ae78000 	/usr/lib/system/libquarantine.dylib
0x000000000ae78000 	/usr/lib/system/libremovefile.dylib
0x000000000ae78000 	/usr/lib/system/libsystem_asl.dylib
0x000000000ae78000 	/usr/lib/system/libsystem_blocks.dylib
0x000000000ae78000 	/usr/lib/system/libsystem_c.dylib
0x000000000ae78000 	/usr/lib/system/libsystem_configuration.dylib
0x000000000ae78000 	/usr/lib/system/libsystem_coreservices.dylib
0x000000000ae78000 	/usr/lib/system/libsystem_coretls.dylib
0x000000000ae78000 	/usr/lib/system/libsystem_dnssd.dylib
0x000000000ae78000 	/usr/lib/system/libsystem_info.dylib
0x000000000ae78000 	/usr/lib/system/libsystem_kernel.dylib
0x000000000ae78000 	/usr/lib/system/libsystem_m.dylib
0x000000000ae78000 	/usr/lib/system/libsystem_malloc.dylib
0x000000000ae78000 	/usr/lib/system/libsystem_network.dylib
0x000000000ae78000 	/usr/lib/system/libsystem_networkextension.dylib
0x000000000ae78000 	/usr/lib/system/libsystem_notify.dylib
0x000000000ae78000 	/usr/lib/system/libsystem_platform.dylib
0x000000000ae78000 	/usr/lib/system/libsystem_pthread.dylib
0x000000000ae78000 	/usr/lib/system/libsystem_sandbox.dylib
0x000000000ae78000 	/usr/lib/system/libsystem_secinit.dylib
0x000000000ae78000 	/usr/lib/system/libsystem_stats.dylib
0x000000000ae78000 	/usr/lib/system/libsystem_trace.dylib
0x000000000ae78000 	/usr/lib/system/libunc.dylib
0x000000000ae78000 	/usr/lib/system/libunwind.dylib
0x000000000ae78000 	/usr/lib/system/libxpc.dylib
0x000000000ae78000 	/usr/lib/libbz2.1.0.dylib
0x000000000ae78000 	/usr/lib/liblzma.5.dylib
0x000000000ae78000 	/usr/lib/libbsm.0.dylib
0x000000000ae78000 	/usr/lib/libsqlite3.dylib
0x000000000ae78000 	/usr/lib/system/libkxld.dylib
0x000000000ae78000 	/usr/lib/libxar.1.dylib
0x000000000ae78000 	/usr/lib/libpam.2.dylib
0x000000000ae78000 	/usr/lib/libOpenScriptingUtil.dylib
0x000000000ae78000 	/System/Library/Frameworks/CoreServices.framework/Versions/A/Frameworks/FSEvents.framework/Versions/A/FSEvents
0x000000000ae78000 	/System/Library/Frameworks/CoreServices.framework/Versions/A/Frameworks/CarbonCore.framework/Versions/A/CarbonCore
0x000000000ae78000 	/System/Library/Frameworks/CoreServices.framework/Versions/A/Frameworks/Metadata.framework/Versions/A/Metadata
0x000000000ae78000 	/System/Library/Frameworks/CoreServices.framework/Versions/A/Frameworks/OSServices.framework/Versions/A/OSServices
0x000000000ae78000 	/System/Library/Frameworks/CoreServices.framework/Versions/A/Frameworks/SearchKit.framework/Versions/A/SearchKit
0x000000000ae78000 	/System/Library/Frameworks/CoreServices.framework/Versions/A/Frameworks/AE.framework/Versions/A/AE
0x000000000ae78000 	/System/Library/Frameworks/CoreServices.framework/Versions/A/Frameworks/LaunchServices.framework/Versions/A/LaunchServices
0x000000000ae78000 	/System/Library/Frameworks/CoreServices.framework/Versions/A/Frameworks/DictionaryServices.framework/Versions/A/DictionaryServices
0x000000000ae78000 	/System/Library/Frameworks/NetFS.framework/Versions/A/NetFS
0x000000000ae78000 	/System/Library/PrivateFrameworks/NetAuth.framework/Versions/A/NetAuth
0x000000000ae78000 	/System/Library/PrivateFrameworks/login.framework/Versions/A/Frameworks/loginsupport.framework/Versions/A/loginsupport
0x000000000ae78000 	/System/Library/PrivateFrameworks/TCC.framework/Versions/A/TCC
0x000000000ae78000 	/usr/lib/libmecabra.dylib
0x000000000ae78000 	/System/Library/Frameworks/ApplicationServices.framework/Versions/A/Frameworks/ATS.framework/Versions/A/ATS
0x000000000ae78000 	/System/Library/Frameworks/ApplicationServices.framework/Versions/A/Frameworks/ColorSync.framework/Versions/A/ColorSync
0x000000000ae78000 	/System/Library/Frameworks/ApplicationServices.framework/Versions/A/Frameworks/HIServices.framework/Versions/A/HIServices
0x000000000ae78000 	/System/Library/Frameworks/ApplicationServices.framework/Versions/A/Frameworks/LangAnalysis.framework/Versions/A/LangAnalysis
0x000000000ae78000 	/System/Library/Frameworks/ApplicationServices.framework/Versions/A/Frameworks/PrintCore.framework/Versions/A/PrintCore
0x000000000ae78000 	/System/Library/Frameworks/ApplicationServices.framework/Versions/A/Frameworks/QD.framework/Versions/A/QD
0x000000000ae78000 	/System/Library/Frameworks/ApplicationServices.framework/Versions/A/Frameworks/SpeechSynthesis.framework/Versions/A/SpeechSynthesis
0x000000000ae78000 	/System/Library/Frameworks/Accelerate.framework/Versions/A/Accelerate
0x000000000ae78000 	/System/Library/Frameworks/Accelerate.framework/Versions/A/Frameworks/vImage.framework/Versions/A/vImage
0x000000000ae78000 	/System/Library/Frameworks/Accelerate.framework/Versions/A/Frameworks/vecLib.framework/Versions/A/vecLib
0x000000000ae78000 	/System/Library/Frameworks/Accelerate.framework/Versions/A/Frameworks/vecLib.framework/Versions/A/libvDSP.dylib
0x000000000ae78000 	/System/Library/Frameworks/Accelerate.framework/Versions/A/Frameworks/vecLib.framework/Versions/A/libvMisc.dylib
0x000000000ae78000 	/System/Library/Frameworks/Accelerate.framework/Versions/A/Frameworks/vecLib.framework/Versions/A/libLAPACK.dylib
0x000000000ae78000 	/System/Library/Frameworks/Accelerate.framework/Versions/A/Frameworks/vecLib.framework/Versions/A/libBLAS.dylib
0x000000000ae78000 	/System/Library/Frameworks/Accelerate.framework/Versions/A/Frameworks/vecLib.framework/Versions/A/libLinearAlgebra.dylib
0x000000000ae78000 	/System/Library/Frameworks/ApplicationServices.framework/Versions/A/Frameworks/ATS.framework/Versions/A/Resources/libFontParser.dylib
0x000000000ae78000 	/System/Library/Frameworks/ApplicationServices.framework/Versions/A/Frameworks/ATS.framework/Versions/A/Resources/libFontRegistry.dylib
0x000000000ae78000 	/System/Library/PrivateFrameworks/AppleVPA.framework/Versions/A/AppleVPA
0x000000000ae78000 	/System/Library/PrivateFrameworks/AppleJPEG.framework/Versions/A/AppleJPEG
0x000000000ae78000 	/System/Library/Frameworks/ImageIO.framework/Versions/A/Resources/libJPEG.dylib
0x000000000ae78000 	/System/Library/Frameworks/ImageIO.framework/Versions/A/Resources/libTIFF.dylib
0x000000000ae78000 	/System/Library/Frameworks/ImageIO.framework/Versions/A/Resources/libPng.dylib
0x000000000ae78000 	/System/Library/Frameworks/ImageIO.framework/Versions/A/Resources/libGIF.dylib
0x000000000ae78000 	/System/Library/Frameworks/ImageIO.framework/Versions/A/Resources/libJP2.dylib
0x000000000ae78000 	/System/Library/Frameworks/ImageIO.framework/Versions/A/Resources/libRadiance.dylib
0x000000000ae78000 	/System/Library/Frameworks/CoreVideo.framework/Versions/A/CoreVideo
0x000000000ae78000 	/System/Library/Frameworks/OpenGL.framework/Versions/A/Libraries/libGLU.dylib
0x000000000ae78000 	/System/Library/Frameworks/OpenGL.framework/Versions/A/Libraries/libGFXShared.dylib
0x000000000ae78000 	/System/Library/Frameworks/OpenGL.framework/Versions/A/Libraries/libGL.dylib
0x000000000ae78000 	/System/Library/Frameworks/OpenGL.framework/Versions/A/Libraries/libGLImage.dylib
0x000000000ae78000 	/System/Library/Frameworks/OpenGL.framework/Versions/A/Libraries/libCVMSPluginSupport.dylib
0x000000000ae78000 	/System/Library/Frameworks/OpenGL.framework/Versions/A/Libraries/libCoreVMClient.dylib
0x000000000ae78000 	/usr/lib/libcups.2.dylib
0x000000000ae78000 	/System/Library/Frameworks/Kerberos.framework/Versions/A/Kerberos
0x000000000ae78000 	/System/Library/Frameworks/GSS.framework/Versions/A/GSS
0x000000000ae78000 	/usr/lib/libresolv.9.dylib
0x000000000ae78000 	/usr/lib/libiconv.2.dylib
0x000000000ae78000 	/System/Library/PrivateFrameworks/Heimdal.framework/Versions/A/Heimdal
0x000000000ae78000 	/usr/lib/libheimdal-asn1.dylib
0x000000000ae78000 	/System/Library/Frameworks/OpenDirectory.framework/Versions/A/OpenDirectory
0x000000000ae78000 	/System/Library/PrivateFrameworks/CommonAuth.framework/Versions/A/CommonAuth
0x000000000ae78000 	/System/Library/Frameworks/OpenDirectory.framework/Versions/A/Frameworks/CFOpenDirectory.framework/Versions/A/CFOpenDirectory
0x000000000ae78000 	/System/Library/Frameworks/SecurityFoundation.framework/Versions/A/SecurityFoundation
0x000000000ae78000 	/System/Library/PrivateFrameworks/LanguageModeling.framework/Versions/A/LanguageModeling
0x000000000ae78000 	/usr/lib/libcmph.dylib
0x000000000ae78000 	/System/Library/Frameworks/ServiceManagement.framework/Versions/A/ServiceManagement
0x000000000ae78000 	/usr/lib/libxslt.1.dylib
0x000000000ae78000 	/System/Library/Frameworks/Carbon.framework/Versions/A/Frameworks/Ink.framework/Versions/A/Ink
0x000000000ae78000 	/System/Library/Frameworks/QuartzCore.framework/Versions/A/Frameworks/CoreImage.framework/Versions/A/CoreImage
0x000000000ae78000 	/System/Library/PrivateFrameworks/CrashReporterSupport.framework/Versions/A/CrashReporterSupport
0x000000000ae78000 	/System/Library/Frameworks/OpenCL.framework/Versions/A/OpenCL
0x000000000ae78000 	/System/Library/PrivateFrameworks/FaceCore.framework/Versions/A/FaceCore
0x000000000ae78000 	/System/Library/PrivateFrameworks/Ubiquity.framework/Versions/A/Ubiquity
0x000000000ae78000 	/System/Library/PrivateFrameworks/IconServices.framework/Versions/A/IconServices
0x000000000ae78000 	/System/Library/PrivateFrameworks/ChunkingLibrary.framework/Versions/A/ChunkingLibrary
0x000000000ae78000 	/System/Library/PrivateFrameworks/Apple80211.framework/Versions/A/Apple80211
0x000000000ae78000 	/System/Library/Frameworks/CoreWLAN.framework/Versions/A/CoreWLAN
0x000000000ae78000 	/System/Library/Frameworks/IOBluetooth.framework/Versions/A/IOBluetooth
0x000000000ae78000 	/System/Library/PrivateFrameworks/CoreWiFi.framework/Versions/A/CoreWiFi
0x000000000ae78000 	/System/Library/Frameworks/CoreBluetooth.framework/Versions/A/CoreBluetooth
0x000000000ae78000 	/System/Library/PrivateFrameworks/DebugSymbols.framework/Versions/A/DebugSymbols
0x000000000ae78000 	/System/Library/PrivateFrameworks/CoreSymbolication.framework/Versions/A/CoreSymbolication
0x000000000ae78000 	/System/Library/PrivateFrameworks/Symbolication.framework/Versions/A/Symbolication
0x000000000ae78000 	/System/Library/PrivateFrameworks/SpeechRecognitionCore.framework/Versions/A/SpeechRecognitionCore
0x000000010da26000 	/Library/Java/JavaVirtualMachines/jdk1.8.0_60.jdk/Contents/Home/jre/lib/server/libjvm.dylib
0x000000000ae78000 	/usr/lib/libstdc++.6.dylib
0x000000010e9c6000 	/Library/Java/JavaVirtualMachines/jdk1.8.0_60.jdk/Contents/Home/jre/lib/libverify.dylib
0x000000010ef03000 	/Library/Java/JavaVirtualMachines/jdk1.8.0_60.jdk/Contents/Home/jre/lib/libjava.dylib
0x000000010ef38000 	/Library/Java/JavaVirtualMachines/jdk1.8.0_60.jdk/Contents/Home/jre/lib/libjdwp.dylib
0x000000010e9d5000 	/Library/Java/JavaVirtualMachines/jdk1.8.0_60.jdk/Contents/Home/jre/lib/libnpt.dylib
0x000000010e9e2000 	/Library/Java/JavaVirtualMachines/jdk1.8.0_60.jdk/Contents/Home/jre/lib/libzip.dylib
0x0000000122237000 	/System/Library/Frameworks/JavaVM.framework/Frameworks/JavaRuntimeSupport.framework/JavaRuntimeSupport
0x000000012224d000 	/System/Library/Frameworks/JavaVM.framework/Versions/A/Frameworks/JavaNativeFoundation.framework/Versions/A/JavaNativeFoundation
0x0000000122261000 	/System/Library/Frameworks/JavaVM.framework/Versions/A/JavaVM
0x000000000ae78000 	/System/Library/Frameworks/Carbon.framework/Versions/A/Carbon
0x000000012226d000 	/System/Library/PrivateFrameworks/JavaLaunching.framework/Versions/A/JavaLaunching
0x000000000ae78000 	/System/Library/Frameworks/Carbon.framework/Versions/A/Frameworks/CommonPanels.framework/Versions/A/CommonPanels
0x000000000ae78000 	/System/Library/Frameworks/Carbon.framework/Versions/A/Frameworks/Help.framework/Versions/A/Help
0x000000000ae78000 	/System/Library/Frameworks/Carbon.framework/Versions/A/Frameworks/ImageCapture.framework/Versions/A/ImageCapture
0x000000000ae78000 	/System/Library/Frameworks/Carbon.framework/Versions/A/Frameworks/OpenScripting.framework/Versions/A/OpenScripting
0x000000000ae78000 	/System/Library/Frameworks/Carbon.framework/Versions/A/Frameworks/Print.framework/Versions/A/Print
0x000000000ae78000 	/System/Library/Frameworks/Carbon.framework/Versions/A/Frameworks/SecurityHI.framework/Versions/A/SecurityHI
0x0000000122380000 	/Library/Java/JavaVirtualMachines/jdk1.8.0_60.jdk/Contents/Home/jre/lib/libdt_socket.dylib
0x000000012437a000 	/usr/local/Cellar/opencv/2.4.12_2/share/OpenCV/java/libopencv_java2412.dylib
0x0000000124428000 	/usr/local/Cellar/opencv/2.4.12_2/lib/libopencv_contrib.2.4.dylib
0x0000000124517000 	/usr/local/opt/tbb/lib/libtbb.dylib
0x0000000124543000 	/usr/local/Cellar/opencv/2.4.12_2/lib/libopencv_nonfree.2.4.dylib
0x000000012457d000 	/usr/local/Cellar/opencv/2.4.12_2/lib/libopencv_gpu.2.4.dylib
0x000000012459e000 	/usr/local/Cellar/opencv/2.4.12_2/lib/libopencv_legacy.2.4.dylib
0x0000000124687000 	/usr/local/Cellar/opencv/2.4.12_2/lib/libopencv_photo.2.4.dylib
0x00000001246a4000 	/usr/local/Cellar/opencv/2.4.12_2/lib/libopencv_ocl.2.4.dylib
0x000000012485d000 	/usr/local/Cellar/opencv/2.4.12_2/lib/libopencv_calib3d.2.4.dylib
0x000000012493b000 	/usr/local/Cellar/opencv/2.4.12_2/lib/libopencv_features2d.2.4.dylib
0x00000001249db000 	/usr/local/Cellar/opencv/2.4.12_2/lib/libopencv_flann.2.4.dylib
0x0000000124a45000 	/usr/local/Cellar/opencv/2.4.12_2/lib/libopencv_ml.2.4.dylib
0x0000000124ab8000 	/usr/local/Cellar/opencv/2.4.12_2/lib/libopencv_video.2.4.dylib
0x0000000124b01000 	/usr/local/Cellar/opencv/2.4.12_2/lib/libopencv_objdetect.2.4.dylib
0x0000000124b77000 	/usr/local/Cellar/opencv/2.4.12_2/lib/libopencv_highgui.2.4.dylib
0x0000000124bb5000 	/usr/local/Cellar/opencv/2.4.12_2/lib/libopencv_imgproc.2.4.dylib
0x0000000124e31000 	/usr/local/Cellar/opencv/2.4.12_2/lib/libopencv_core.2.4.dylib
0x000000012502b000 	/usr/local/opt/jpeg/lib/libjpeg.8.dylib
0x000000012505e000 	/usr/local/opt/libpng/lib/libpng16.16.dylib
0x000000012508a000 	/usr/local/opt/libtiff/lib/libtiff.5.dylib
0x00000001250f1000 	/usr/local/opt/ilmbase/lib/libImath-2_2.12.dylib
0x0000000125100000 	/usr/local/opt/openexr/lib/libIlmImf-2_2.22.dylib
0x00000001253f8000 	/usr/local/opt/ilmbase/lib/libIex-2_2.12.dylib
0x000000012540b000 	/usr/local/opt/ilmbase/lib/libHalf.12.dylib
0x000000012544f000 	/usr/local/opt/ilmbase/lib/libIlmThread-2_2.12.dylib
0x000000000ae78000 	/System/Library/Frameworks/QTKit.framework/Versions/A/QTKit
0x0000000125457000 	/usr/local/lib/libIexMath-2_2.12.dylib
0x000000000ae78000 	/System/Library/Frameworks/AVFoundation.framework/Versions/A/AVFoundation
0x000000000ae78000 	/System/Library/Frameworks/CoreMedia.framework/Versions/A/CoreMedia
0x000000000ae78000 	/System/Library/Frameworks/MediaToolbox.framework/Versions/A/MediaToolbox
0x000000000ae78000 	/System/Library/Frameworks/VideoToolbox.framework/Versions/A/VideoToolbox
0x000000000ae78000 	/System/Library/PrivateFrameworks/CoreMediaAuthoring.framework/Versions/A/CoreMediaAuthoring
0x000000000ae78000 	/System/Library/Frameworks/CoreMediaIO.framework/Versions/A/CoreMediaIO
0x000000000ae78000 	/System/Library/Frameworks/AVFoundation.framework/Versions/A/Resources/libAVFAudio.dylib
0x000000000ae78000 	/System/Library/PrivateFrameworks/MediaControlSender.framework/Versions/A/MediaControlSender
0x000000000ae78000 	/System/Library/PrivateFrameworks/CoreAVCHD.framework/Versions/A/CoreAVCHD
0x000000000ae78000 	/System/Library/Frameworks/MediaAccessibility.framework/Versions/A/MediaAccessibility
0x000000000ae78000 	/System/Library/PrivateFrameworks/Mangrove.framework/Versions/A/Mangrove
0x000000000ae78000 	/System/Library/PrivateFrameworks/CoreAUC.framework/Versions/A/CoreAUC
0x000000000ae78000 	/System/Library/PrivateFrameworks/NetworkStatistics.framework/Versions/A/NetworkStatistics
0x000000000ae78000 	/System/Library/PrivateFrameworks/AppleSRP.framework/Versions/A/AppleSRP
0x000000000ae78000 	/System/Library/PrivateFrameworks/AirPlaySupport.framework/Versions/A/AirPlaySupport
0x000000000ae78000 	/System/Library/PrivateFrameworks/CoreUtils.framework/Versions/A/CoreUtils
0x000000000ae78000 	/System/Library/PrivateFrameworks/AppleVA.framework/Versions/A/AppleVA
0x000000000ae78000 	/System/Library/PrivateFrameworks/XPCService.framework/Versions/A/XPCService
0x000000000ae78000 	/System/Library/PrivateFrameworks/AppSandbox.framework/Versions/A/AppSandbox
0x000000000ae78000 	/usr/lib/libsandbox.1.dylib
0x000000000ae78000 	/System/Library/PrivateFrameworks/AppContainer.framework/Versions/A/AppContainer
0x000000000ae78000 	/System/Library/PrivateFrameworks/SecCodeWrapper.framework/Versions/A/SecCodeWrapper
0x000000000ae78000 	/usr/lib/libMatch.1.dylib

VM Arguments:
jvm_args: -agentlib:jdwp=transport=dt_socket,suspend=y,address=localhost:49156 -Djava.library.path=/usr/local/Cellar/opencv/2.4.12_2/share/OpenCV/java -Dfile.encoding=UTF-8 
java_command: ImageProcessing.SimpleSample
java_class_path (initial): /Users/oshlern/Documents/Programming/Eclipse/Lin Alg/bin:/usr/local/Cellar/opencv/2.4.12_2/share/OpenCV/java/opencv-2412.jar
Launcher Type: SUN_STANDARD

Environment Variables:
PATH=/usr/bin:/bin:/usr/sbin:/sbin
SHELL=/bin/zsh
DISPLAY=/private/tmp/com.apple.launchd.3Id9Zv7EF5/org.macosforge.xquartz:0

Signal Handlers:
SIGSEGV: [libjvm.dylib+0x5a6d31], sa_mask[0]=11111111011111110111111111111111, sa_flags=SA_ONSTACK|SA_RESTART|SA_SIGINFO
SIGBUS: [libjvm.dylib+0x5a6d31], sa_mask[0]=11111111011111110111111111111111, sa_flags=SA_RESTART|SA_SIGINFO
SIGFPE: [libjvm.dylib+0x480a4c], sa_mask[0]=11111111011111110111111111111111, sa_flags=SA_RESTART|SA_SIGINFO
SIGPIPE: [libjvm.dylib+0x480a4c], sa_mask[0]=11111111011111110111111111111111, sa_flags=SA_RESTART|SA_SIGINFO
SIGXFSZ: [libjvm.dylib+0x480a4c], sa_mask[0]=11111111011111110111111111111111, sa_flags=SA_RESTART|SA_SIGINFO
SIGILL: [libjvm.dylib+0x480a4c], sa_mask[0]=11111111011111110111111111111111, sa_flags=SA_RESTART|SA_SIGINFO
SIGUSR1: SIG_DFL, sa_mask[0]=00000000000000000000000000000000, sa_flags=none
SIGUSR2: [libjvm.dylib+0x48056a], sa_mask[0]=00100000000000000000000000000000, sa_flags=SA_RESTART|SA_SIGINFO
SIGHUP: [libjvm.dylib+0x47eb41], sa_mask[0]=11111111011111110111111111111111, sa_flags=SA_RESTART|SA_SIGINFO
SIGINT: [libjvm.dylib+0x47eb41], sa_mask[0]=11111111011111110111111111111111, sa_flags=SA_RESTART|SA_SIGINFO
SIGTERM: [libjvm.dylib+0x47eb41], sa_mask[0]=11111111011111110111111111111111, sa_flags=SA_RESTART|SA_SIGINFO
SIGQUIT: [libjvm.dylib+0x47eb41], sa_mask[0]=11111111011111110111111111111111, sa_flags=SA_RESTART|SA_SIGINFO


---------------  S Y S T E M  ---------------

OS:Bsduname:Darwin 14.5.0 Darwin Kernel Version 14.5.0: Mon Jan 11 18:48:35 PST 2016; root:xnu-2782.50.2~1/RELEASE_X86_64 x86_64
rlimit: STACK 8192k, CORE 0k, NPROC 709, NOFILE 10240, AS infinity
load average:1.51 3.57 7.04

CPU:total 2 (2 cores per cpu, 1 threads per core) family 6 model 23 stepping 10, cmov, cx8, fxsr, mmx, sse, sse2, sse3, ssse3, sse4.1, tsc

Memory: 4k page, physical 4194304k(86148k free)

/proc/meminfo:


vm_info: Java HotSpot(TM) 64-Bit Server VM (25.60-b23) for bsd-amd64 JRE (1.8.0_60-b27), built on Aug  4 2015 10:47:24 by "java_re" with gcc 4.2.1 (Based on Apple Inc. build 5658) (LLVM build 2336.11.00)

time: Sat Jul 23 12:09:21 2016
elapsed time: 0 seconds (0d 0h 0m 0s)

